0 info it worked if it ends with ok
1 verbose cli [ 'node', '/usr/local/bin/npm', 'start' ]
2 info using npm@3.3.6
3 info using node@v0.12.2
4 verbose run-script [ 'prestart', 'start', 'poststart' ]
5 info lifecycle slackDigest@0.0.0~prestart: slackDigest@0.0.0
6 silly lifecycle slackDigest@0.0.0~prestart: no script for prestart, continuing
7 info lifecycle slackDigest@0.0.0~start: slackDigest@0.0.0
8 verbose lifecycle slackDigest@0.0.0~start: unsafe-perm in lifecycle true
9 verbose lifecycle slackDigest@0.0.0~start: PATH: /usr/local/lib/node_modules/npm/bin/node-gyp-bin:/Users/Fructokinase/projects/techCrunch/slackDigest/node_modules/.bin:~/tempeartureyat:/usr/local/Cellar/mongodb/3.0.3/bin:/Library/Frameworks/Python.framework/Versions/2.7/bin:/Library/Frameworks/Python.framework/Versions/2.7/bin:/usr/local/bin:/usr/bin:/bin:/usr/sbin:/sbin:/Users/Fructokinase/Apache/apache-maven-3.3.3/bin:/usr/local/bin:/usr/bin:/bin:/usr/sbin:/sbin:/Users/Fructokinase/Apache/apache-ant-1.9.4/bin:/Library/PostgreSQL/9.4/bin
10 verbose lifecycle slackDigest@0.0.0~start: CWD: /Users/Fructokinase/projects/techCrunch/slackDigest
11 silly lifecycle slackDigest@0.0.0~start: Args: [ '-c', 'node ./bin/www' ]
12 silly lifecycle slackDigest@0.0.0~start: Returned: code: 1  signal: null
13 info lifecycle slackDigest@0.0.0~start: Failed to exec start script
14 verbose stack Error: slackDigest@0.0.0 start: `node ./bin/www`
14 verbose stack Exit status 1
14 verbose stack     at EventEmitter.<anonymous> (/usr/local/lib/node_modules/npm/lib/utils/lifecycle.js:233:16)
14 verbose stack     at EventEmitter.emit (events.js:110:17)
14 verbose stack     at ChildProcess.<anonymous> (/usr/local/lib/node_modules/npm/lib/utils/spawn.js:24:14)
14 verbose stack     at ChildProcess.emit (events.js:110:17)
14 verbose stack     at maybeClose (child_process.js:1015:16)
14 verbose stack     at Process.ChildProcess._handle.onexit (child_process.js:1087:5)
15 verbose pkgid slackDigest@0.0.0
16 verbose cwd /Users/Fructokinase/projects/techCrunch/slackDigest
17 error Darwin 14.5.0
18 error argv "node" "/usr/local/bin/npm" "start"
19 error node v0.12.2
20 error npm  v3.3.6
21 error code ELIFECYCLE
22 error slackDigest@0.0.0 start: `node ./bin/www`
22 error Exit status 1
23 error Failed at the slackDigest@0.0.0 start script 'node ./bin/www'.
23 error This is most likely a problem with the slackDigest package,
23 error not with npm itself.
23 error Tell the author that this fails on your system:
23 error     node ./bin/www
23 error You can get their info via:
23 error     npm owner ls slackDigest
23 error There is likely additional logging output above.
24 verbose exit [ 1, true ]
